# JRE version: OpenJDK Runtime Environment (21.0.3) (build 21.0.3+-12282718-b509.11)
# Java VM: OpenJDK 64-Bit Server VM (21.0.3+-12282718-b509.11, mixed mode, tiered, compressed oops, compressed class ptrs, g1 gc, windows-amd64)
GC Precious Log:
 CardTable entry size: 512
 Card Set container configuration: InlinePtr #cards 4 size 8 Array Of Cards #cards 64 size 144 Howl #buckets 8 coarsen threshold 14745 Howl Bitmap #cards 2048 size 272 coarsen threshold 1843 Card regions per heap region 1 cards per card region 16384
 CPUs: 12 total, 12 available
 Memory: 16220M
 Large Page Support: Disabled
 NUMA Support: Disabled
 Compressed Oops: Enabled (Zero based)
 Heap Region Size: 8M
 Heap Min Capacity: 8M
 Heap Initial Capacity: 256M
 Heap Max Capacity: 12080M
 Pre-touch: Disabled
 Parallel Workers: 10
 Concurrent Workers: 3
 Concurrent Refinement Workers: 10
 Periodic GC: Disabled
Heap:
 garbage-first heap   total 2162688K, used 1612504K [0x000000050d000000, 0x0000000800000000)
  region size 8192K, 124 young (1015808K), 6 survivors (49152K)
 Metaspace       used 181172K, committed 183808K, reserved 1245184K
  class space    used 24298K, committed 25664K, reserved 1048576K
GC Heap History (20 events):
Event: 48.065 GC heap before
{Heap before GC invocations=42 (full 0):
 garbage-first heap   total 466944K, used 390460K [0x000000050d000000, 0x0000000800000000)
  region size 8192K, 23 young (188416K), 3 survivors (24576K)
 Metaspace       used 160524K, committed 163072K, reserved 1245184K
  class space    used 21240K, committed 22528K, reserved 1048576K
}
Event: 48.085 GC heap after
{Heap after GC invocations=43 (full 0):
 garbage-first heap   total 466944K, used 255979K [0x000000050d000000, 0x0000000800000000)
  region size 8192K, 3 young (24576K), 3 survivors (24576K)
 Metaspace       used 160524K, committed 163072K, reserved 1245184K
  class space    used 21240K, committed 22528K, reserved 1048576K
}
Event: 48.814 GC heap before
{Heap before GC invocations=43 (full 0):
 garbage-first heap   total 466944K, used 403435K [0x000000050d000000, 0x0000000800000000)
  region size 8192K, 21 young (172032K), 3 survivors (24576K)
 Metaspace       used 165374K, committed 167936K, reserved 1245184K
  class space    used 21948K, committed 23232K, reserved 1048576K
}
Event: 48.845 GC heap after
{Heap after GC invocations=44 (full 0):
 garbage-first heap   total 466944K, used 284086K [0x000000050d000000, 0x0000000800000000)
  region size 8192K, 3 young (24576K), 3 survivors (24576K)
 Metaspace       used 165374K, committed 167936K, reserved 1245184K
  class space    used 21948K, committed 23232K, reserved 1048576K
}
Event: 49.204 GC heap before
{Heap before GC invocations=45 (full 0):
 garbage-first heap   total 573440K, used 406966K [0x000000050d000000, 0x0000000800000000)
  region size 8192K, 18 young (147456K), 3 survivors (24576K)
 Metaspace       used 167611K, committed 170240K, reserved 1245184K
  class space    used 22297K, committed 23616K, reserved 1048576K
}
Event: 49.243 GC heap after
{Heap after GC invocations=46 (full 0):
 garbage-first heap   total 573440K, used 312629K [0x000000050d000000, 0x0000000800000000)
  region size 8192K, 3 young (24576K), 3 survivors (24576K)
 Metaspace       used 167611K, committed 170240K, reserved 1245184K
  class space    used 22297K, committed 23616K, reserved 1048576K
}
Event: 49.481 GC heap before
{Heap before GC invocations=46 (full 0):
 garbage-first heap   total 573440K, used 484661K [0x000000050d000000, 0x0000000800000000)
  region size 8192K, 24 young (196608K), 3 survivors (24576K)
 Metaspace       used 169180K, committed 171776K, reserved 1245184K
  class space    used 22490K, committed 23808K, reserved 1048576K
}
Event: 49.530 GC heap after
{Heap after GC invocations=47 (full 0):
 garbage-first heap   total 1146880K, used 339316K [0x000000050d000000, 0x0000000800000000)
  region size 8192K, 3 young (24576K), 3 survivors (24576K)
 Metaspace       used 169180K, committed 171776K, reserved 1245184K
  class space    used 22490K, committed 23808K, reserved 1048576K
}
Event: 50.854 GC heap before
{Heap before GC invocations=47 (full 0):
 garbage-first heap   total 1146880K, used 888180K [0x000000050d000000, 0x0000000800000000)
  region size 8192K, 71 young (581632K), 3 survivors (24576K)
 Metaspace       used 177732K, committed 180352K, reserved 1245184K
  class space    used 24005K, committed 25344K, reserved 1048576K
}
Event: 50.928 GC heap after
{Heap after GC invocations=48 (full 0):
 garbage-first heap   total 1146880K, used 418501K [0x000000050d000000, 0x0000000800000000)
  region size 8192K, 9 young (73728K), 9 survivors (73728K)
 Metaspace       used 177732K, committed 180352K, reserved 1245184K
  class space    used 24005K, committed 25344K, reserved 1048576K
}
Event: 51.878 GC heap before
{Heap before GC invocations=48 (full 0):
 garbage-first heap   total 1146880K, used 869061K [0x000000050d000000, 0x0000000800000000)
  region size 8192K, 64 young (524288K), 9 survivors (73728K)
 Metaspace       used 179574K, committed 182272K, reserved 1245184K
  class space    used 24208K, committed 25600K, reserved 1048576K
}
Event: 51.928 GC heap after
{Heap after GC invocations=49 (full 0):
 garbage-first heap   total 1146880K, used 445766K [0x000000050d000000, 0x0000000800000000)
  region size 8192K, 3 young (24576K), 3 survivors (24576K)
 Metaspace       used 179574K, committed 182272K, reserved 1245184K
  class space    used 24208K, committed 25600K, reserved 1048576K
}
Event: 52.559 GC heap before
{Heap before GC invocations=49 (full 0):
 garbage-first heap   total 1146880K, used 920902K [0x000000050d000000, 0x0000000800000000)
  region size 8192K, 62 young (507904K), 3 survivors (24576K)
 Metaspace       used 180028K, committed 182656K, reserved 1245184K
  class space    used 24236K, committed 25600K, reserved 1048576K
}
Event: 52.594 GC heap after
{Heap after GC invocations=50 (full 0):
 garbage-first heap   total 1146880K, used 490044K [0x000000050d000000, 0x0000000800000000)
  region size 8192K, 8 young (65536K), 8 survivors (65536K)
 Metaspace       used 180028K, committed 182656K, reserved 1245184K
  class space    used 24236K, committed 25600K, reserved 1048576K
}
Event: 53.114 GC heap before
{Heap before GC invocations=50 (full 0):
 garbage-first heap   total 1146880K, used 956988K [0x000000050d000000, 0x0000000800000000)
  region size 8192K, 66 young (540672K), 8 survivors (65536K)
 Metaspace       used 180419K, committed 183104K, reserved 1245184K
  class space    used 24243K, committed 25600K, reserved 1048576K
}
Event: 53.166 GC heap after
{Heap after GC invocations=51 (full 0):
 garbage-first heap   total 2162688K, used 530181K [0x000000050d000000, 0x0000000800000000)
  region size 8192K, 6 young (49152K), 6 survivors (49152K)
 Metaspace       used 180419K, committed 183104K, reserved 1245184K
  class space    used 24243K, committed 25600K, reserved 1048576K
}
Event: 54.387 GC heap before
{Heap before GC invocations=51 (full 0):
 garbage-first heap   total 2162688K, used 1775365K [0x000000050d000000, 0x0000000800000000)
  region size 8192K, 158 young (1294336K), 6 survivors (49152K)
 Metaspace       used 180634K, committed 183296K, reserved 1245184K
  class space    used 24251K, committed 25600K, reserved 1048576K
}
Event: 54.453 GC heap after
{Heap after GC invocations=52 (full 0):
 garbage-first heap   total 2162688K, used 614213K [0x000000050d000000, 0x0000000800000000)
  region size 8192K, 16 young (131072K), 16 survivors (131072K)
 Metaspace       used 180634K, committed 183296K, reserved 1245184K
  class space    used 24251K, committed 25600K, reserved 1048576K
}
Event: 55.506 GC heap before
{Heap before GC invocations=52 (full 0):
 garbage-first heap   total 2162688K, used 1769285K [0x000000050d000000, 0x0000000800000000)
  region size 8192K, 158 young (1294336K), 16 survivors (131072K)
 Metaspace       used 181029K, committed 183680K, reserved 1245184K
  class space    used 24285K, committed 25664K, reserved 1048576K
}
Event: 55.596 GC heap after
{Heap after GC invocations=53 (full 0):
 garbage-first heap   total 2162688K, used 654040K [0x000000050d000000, 0x0000000800000000)
  region size 8192K, 6 young (49152K), 6 survivors (49152K)
 Metaspace       used 181029K, committed 183680K, reserved 1245184K
  class space    used 24285K, committed 25664K, reserved 1048576K
}

