# JRE version: OpenJDK Runtime Environment (21.0.6) (build 21.0.6+-13368085-b895.109)
# Java VM: OpenJDK 64-Bit Server VM (21.0.6+-13368085-b895.109, mixed mode, tiered, compressed oops, compressed class ptrs, g1 gc, windows-amd64)
GC Precious Log:
 CardTable entry size: 512
 Card Set container configuration: InlinePtr #cards 4 size 8 Array Of Cards #cards 64 size 144 Howl #buckets 8 coarsen threshold 14745 Howl Bitmap #cards 2048 size 272 coarsen threshold 1843 Card regions per heap region 1 cards per card region 16384
 CPUs: 12 total, 12 available
 Memory: 16292M
 Large Page Support: Disabled
 NUMA Support: Disabled
 Compressed Oops: Enabled (Zero based)
 Heap Region Size: 8M
 Heap Min Capacity: 8M
 Heap Initial Capacity: 256M
 Heap Max Capacity: 12080M
 Pre-touch: Disabled
 Parallel Workers: 10
 Concurrent Workers: 3
 Concurrent Refinement Workers: 10
 Periodic GC: Disabled
Heap:
 garbage-first heap   total 1294336K, used 1252395K [0x000000050d000000, 0x0000000800000000)
  region size 8192K, 48 young (393216K), 1 survivors (8192K)
 Metaspace       used 219555K, committed 222848K, reserved 1245184K
  class space    used 27979K, committed 29696K, reserved 1048576K
GC Heap History (20 events):
Event: 6340.527 GC heap after
{Heap after GC invocations=382 (full 0):
 garbage-first heap   total 1327104K, used 451979K [0x000000050d000000, 0x0000000800000000)
  region size 8192K, 1 young (8192K), 1 survivors (8192K)
 Metaspace       used 219419K, committed 222656K, reserved 1245184K
  class space    used 27973K, committed 29696K, reserved 1048576K
}
Event: 6341.877 GC heap before
{Heap before GC invocations=382 (full 0):
 garbage-first heap   total 1327104K, used 1189259K [0x000000050d000000, 0x0000000800000000)
  region size 8192K, 91 young (745472K), 1 survivors (8192K)
 Metaspace       used 219419K, committed 222656K, reserved 1245184K
  class space    used 27973K, committed 29696K, reserved 1048576K
}
Event: 6341.881 GC heap after
{Heap after GC invocations=383 (full 0):
 garbage-first heap   total 1327104K, used 451392K [0x000000050d000000, 0x0000000800000000)
  region size 8192K, 1 young (8192K), 1 survivors (8192K)
 Metaspace       used 219419K, committed 222656K, reserved 1245184K
  class space    used 27973K, committed 29696K, reserved 1048576K
}
Event: 6342.242 GC heap before
{Heap before GC invocations=383 (full 0):
 garbage-first heap   total 1261568K, used 1098560K [0x000000050d000000, 0x0000000800000000)
  region size 8192K, 92 young (753664K), 1 survivors (8192K)
 Metaspace       used 219419K, committed 222656K, reserved 1245184K
  class space    used 27973K, committed 29696K, reserved 1048576K
}
Event: 6342.246 GC heap after
{Heap after GC invocations=384 (full 0):
 garbage-first heap   total 1261568K, used 373871K [0x000000050d000000, 0x0000000800000000)
  region size 8192K, 2 young (16384K), 2 survivors (16384K)
 Metaspace       used 219419K, committed 222656K, reserved 1245184K
  class space    used 27973K, committed 29696K, reserved 1048576K
}
Event: 6345.167 GC heap before
{Heap before GC invocations=385 (full 0):
 garbage-first heap   total 1261568K, used 1242223K [0x000000050d000000, 0x0000000800000000)
  region size 8192K, 47 young (385024K), 2 survivors (16384K)
 Metaspace       used 219419K, committed 222656K, reserved 1245184K
  class space    used 27973K, committed 29696K, reserved 1048576K
}
Event: 6345.173 GC heap after
{Heap after GC invocations=386 (full 0):
 garbage-first heap   total 1277952K, used 372832K [0x000000050d000000, 0x0000000800000000)
  region size 8192K, 2 young (16384K), 2 survivors (16384K)
 Metaspace       used 219419K, committed 222656K, reserved 1245184K
  class space    used 27973K, committed 29696K, reserved 1048576K
}
Event: 6481.475 GC heap before
{Heap before GC invocations=386 (full 0):
 garbage-first heap   total 1277952K, used 1257568K [0x000000050d000000, 0x0000000800000000)
  region size 8192K, 47 young (385024K), 2 survivors (16384K)
 Metaspace       used 219436K, committed 222720K, reserved 1245184K
  class space    used 27974K, committed 29696K, reserved 1048576K
}
Event: 6481.482 GC heap after
{Heap after GC invocations=387 (full 0):
 garbage-first heap   total 1294336K, used 356967K [0x000000050d000000, 0x0000000800000000)
  region size 8192K, 1 young (8192K), 1 survivors (8192K)
 Metaspace       used 219436K, committed 222720K, reserved 1245184K
  class space    used 27974K, committed 29696K, reserved 1048576K
}
Event: 6487.006 GC heap before
{Heap before GC invocations=387 (full 0):
 garbage-first heap   total 1294336K, used 668263K [0x000000050d000000, 0x0000000800000000)
  region size 8192K, 40 young (327680K), 1 survivors (8192K)
 Metaspace       used 219548K, committed 222848K, reserved 1245184K
  class space    used 27979K, committed 29696K, reserved 1048576K
}
Event: 6487.021 GC heap after
{Heap after GC invocations=388 (full 0):
 garbage-first heap   total 1294336K, used 374394K [0x000000050d000000, 0x0000000800000000)
  region size 8192K, 3 young (24576K), 3 survivors (24576K)
 Metaspace       used 219548K, committed 222848K, reserved 1245184K
  class space    used 27979K, committed 29696K, reserved 1048576K
}
Event: 6489.754 GC heap before
{Heap before GC invocations=389 (full 0):
 garbage-first heap   total 1294336K, used 1275514K [0x000000050d000000, 0x0000000800000000)
  region size 8192K, 80 young (655360K), 3 survivors (24576K)
 Metaspace       used 219554K, committed 222848K, reserved 1245184K
  class space    used 27979K, committed 29696K, reserved 1048576K
}
Event: 6489.802 GC heap after
{Heap after GC invocations=390 (full 0):
 garbage-first heap   total 1400832K, used 446538K [0x000000050d000000, 0x0000000800000000)
  region size 8192K, 12 young (98304K), 12 survivors (98304K)
 Metaspace       used 219554K, committed 222848K, reserved 1245184K
  class space    used 27979K, committed 29696K, reserved 1048576K
}
Event: 6490.714 GC heap before
{Heap before GC invocations=390 (full 0):
 garbage-first heap   total 1400832K, used 1183818K [0x000000050d000000, 0x0000000800000000)
  region size 8192K, 102 young (835584K), 12 survivors (98304K)
 Metaspace       used 219554K, committed 222848K, reserved 1245184K
  class space    used 27979K, committed 29696K, reserved 1048576K
}
Event: 6490.756 GC heap after
{Heap after GC invocations=391 (full 0):
 garbage-first heap   total 1400832K, used 443233K [0x000000050d000000, 0x0000000800000000)
  region size 8192K, 2 young (16384K), 2 survivors (16384K)
 Metaspace       used 219554K, committed 222848K, reserved 1245184K
  class space    used 27979K, committed 29696K, reserved 1048576K
}
Event: 6492.038 GC heap before
{Heap before GC invocations=391 (full 0):
 garbage-first heap   total 1400832K, used 1262433K [0x000000050d000000, 0x0000000800000000)
  region size 8192K, 102 young (835584K), 2 survivors (16384K)
 Metaspace       used 219554K, committed 222848K, reserved 1245184K
  class space    used 27979K, committed 29696K, reserved 1048576K
}
Event: 6492.044 GC heap after
{Heap after GC invocations=392 (full 0):
 garbage-first heap   total 1400832K, used 439797K [0x000000050d000000, 0x0000000800000000)
  region size 8192K, 2 young (16384K), 2 survivors (16384K)
 Metaspace       used 219554K, committed 222848K, reserved 1245184K
  class space    used 27979K, committed 29696K, reserved 1048576K
}
Event: 6494.213 GC heap before
{Heap before GC invocations=393 (full 0):
 garbage-first heap   total 1196032K, used 1177956K [0x000000050d000000, 0x0000000800000000)
  region size 8192K, 82 young (671744K), 2 survivors (16384K)
 Metaspace       used 219554K, committed 222848K, reserved 1245184K
  class space    used 27979K, committed 29696K, reserved 1048576K
}
Event: 6494.230 GC heap after
{Heap after GC invocations=394 (full 0):
 garbage-first heap   total 1261568K, used 375851K [0x000000050d000000, 0x0000000800000000)
  region size 8192K, 8 young (65536K), 8 survivors (65536K)
 Metaspace       used 219554K, committed 222848K, reserved 1245184K
  class space    used 27979K, committed 29696K, reserved 1048576K
}
Event: 6500.290 GC heap before
{Heap before GC invocations=394 (full 0):
 garbage-first heap   total 1261568K, used 1244203K [0x000000050d000000, 0x0000000800000000)
  region size 8192K, 55 young (450560K), 8 survivors (65536K)
 Metaspace       used 219555K, committed 222848K, reserved 1245184K
  class space    used 27979K, committed 29696K, reserved 1048576K
}

