# JRE version: OpenJDK Runtime Environment (21.0.3) (build 21.0.3+-12282718-b509.11)
# Java VM: OpenJDK 64-Bit Server VM (21.0.3+-12282718-b509.11, mixed mode, tiered, compressed oops, compressed class ptrs, g1 gc, windows-amd64)
GC Precious Log:
 CardTable entry size: 512
 Card Set container configuration: InlinePtr #cards 4 size 8 Array Of Cards #cards 64 size 144 Howl #buckets 8 coarsen threshold 14745 Howl Bitmap #cards 2048 size 272 coarsen threshold 1843 Card regions per heap region 1 cards per card region 16384
 CPUs: 12 total, 12 available
 Memory: 16220M
 Large Page Support: Disabled
 NUMA Support: Disabled
 Compressed Oops: Enabled (Zero based)
 Heap Region Size: 8M
 Heap Min Capacity: 8M
 Heap Initial Capacity: 256M
 Heap Max Capacity: 12080M
 Pre-touch: Disabled
 Parallel Workers: 10
 Concurrent Workers: 3
 Concurrent Refinement Workers: 10
 Periodic GC: Disabled
Heap:
 garbage-first heap   total 2891776K, used 1916585K [0x000000050d000000, 0x0000000800000000)
  region size 8192K, 185 young (1515520K), 14 survivors (114688K)
 Metaspace       used 145864K, committed 148160K, reserved 1179648K
  class space    used 20149K, committed 21312K, reserved 1048576K
GC Heap History (20 events):
Event: 15.662 GC heap before
{Heap before GC invocations=39 (full 0):
 garbage-first heap   total 712704K, used 518137K [0x000000050d000000, 0x0000000800000000)
  region size 8192K, 40 young (327680K), 3 survivors (24576K)
 Metaspace       used 136297K, committed 138560K, reserved 1179648K
  class space    used 18954K, committed 20160K, reserved 1048576K
}
Event: 15.721 GC heap after
{Heap after GC invocations=40 (full 0):
 garbage-first heap   total 712704K, used 277069K [0x000000050d000000, 0x0000000800000000)
  region size 8192K, 5 young (40960K), 5 survivors (40960K)
 Metaspace       used 136297K, committed 138560K, reserved 1179648K
  class space    used 18954K, committed 20160K, reserved 1048576K
}
Event: 16.227 GC heap before
{Heap before GC invocations=40 (full 0):
 garbage-first heap   total 712704K, used 531021K [0x000000050d000000, 0x0000000800000000)
  region size 8192K, 36 young (294912K), 5 survivors (40960K)
 Metaspace       used 140543K, committed 142848K, reserved 1179648K
  class space    used 19678K, committed 20864K, reserved 1048576K
}
Event: 16.278 GC heap after
{Heap after GC invocations=41 (full 0):
 garbage-first heap   total 712704K, used 311845K [0x000000050d000000, 0x0000000800000000)
  region size 8192K, 4 young (32768K), 4 survivors (32768K)
 Metaspace       used 140543K, committed 142848K, reserved 1179648K
  class space    used 19678K, committed 20864K, reserved 1048576K
}
Event: 16.751 GC heap before
{Heap before GC invocations=41 (full 0):
 garbage-first heap   total 712704K, used 557605K [0x000000050d000000, 0x0000000800000000)
  region size 8192K, 34 young (278528K), 4 survivors (32768K)
 Metaspace       used 142928K, committed 145216K, reserved 1179648K
  class space    used 19944K, committed 21120K, reserved 1048576K
}
Event: 16.773 GC heap after
{Heap after GC invocations=42 (full 0):
 garbage-first heap   total 712704K, used 327422K [0x000000050d000000, 0x0000000800000000)
  region size 8192K, 2 young (16384K), 2 survivors (16384K)
 Metaspace       used 142928K, committed 145216K, reserved 1179648K
  class space    used 19944K, committed 21120K, reserved 1048576K
}
Event: 17.148 GC heap before
{Heap before GC invocations=42 (full 0):
 garbage-first heap   total 712704K, used 589566K [0x000000050d000000, 0x0000000800000000)
  region size 8192K, 34 young (278528K), 2 survivors (16384K)
 Metaspace       used 143563K, committed 145856K, reserved 1179648K
  class space    used 19998K, committed 21184K, reserved 1048576K
}
Event: 17.160 GC heap after
{Heap after GC invocations=43 (full 0):
 garbage-first heap   total 712704K, used 329573K [0x000000050d000000, 0x0000000800000000)
  region size 8192K, 2 young (16384K), 2 survivors (16384K)
 Metaspace       used 143563K, committed 145856K, reserved 1179648K
  class space    used 19998K, committed 21184K, reserved 1048576K
}
Event: 17.687 GC heap before
{Heap before GC invocations=44 (full 0):
 garbage-first heap   total 835584K, used 608101K [0x000000050d000000, 0x0000000800000000)
  region size 8192K, 37 young (303104K), 2 survivors (16384K)
 Metaspace       used 143912K, committed 146176K, reserved 1179648K
  class space    used 19993K, committed 21184K, reserved 1048576K
}
Event: 17.707 GC heap after
{Heap after GC invocations=45 (full 0):
 garbage-first heap   total 835584K, used 343535K [0x000000050d000000, 0x0000000800000000)
  region size 8192K, 4 young (32768K), 4 survivors (32768K)
 Metaspace       used 143912K, committed 146176K, reserved 1179648K
  class space    used 19993K, committed 21184K, reserved 1048576K
}
Event: 18.044 GC heap before
{Heap before GC invocations=45 (full 0):
 garbage-first heap   total 835584K, used 720367K [0x000000050d000000, 0x0000000800000000)
  region size 8192K, 50 young (409600K), 4 survivors (32768K)
 Metaspace       used 144561K, committed 146880K, reserved 1179648K
  class space    used 20082K, committed 21248K, reserved 1048576K
}
Event: 18.069 GC heap after
{Heap after GC invocations=46 (full 0):
 garbage-first heap   total 1753088K, used 344621K [0x000000050d000000, 0x0000000800000000)
  region size 8192K, 5 young (40960K), 5 survivors (40960K)
 Metaspace       used 144561K, committed 146880K, reserved 1179648K
  class space    used 20082K, committed 21248K, reserved 1048576K
}
Event: 18.988 GC heap before
{Heap before GC invocations=46 (full 0):
 garbage-first heap   total 1753088K, used 1344045K [0x000000050d000000, 0x0000000800000000)
  region size 8192K, 128 young (1048576K), 5 survivors (40960K)
 Metaspace       used 144974K, committed 147328K, reserved 1179648K
  class space    used 20087K, committed 21312K, reserved 1048576K
}
Event: 19.020 GC heap after
{Heap after GC invocations=47 (full 0):
 garbage-first heap   total 1753088K, used 373045K [0x000000050d000000, 0x0000000800000000)
  region size 8192K, 8 young (65536K), 8 survivors (65536K)
 Metaspace       used 144974K, committed 147328K, reserved 1179648K
  class space    used 20087K, committed 21312K, reserved 1048576K
}
Event: 19.684 GC heap before
{Heap before GC invocations=47 (full 0):
 garbage-first heap   total 1753088K, used 1347893K [0x000000050d000000, 0x0000000800000000)
  region size 8192K, 128 young (1048576K), 8 survivors (65536K)
 Metaspace       used 145055K, committed 147392K, reserved 1179648K
  class space    used 20094K, committed 21312K, reserved 1048576K
}
Event: 19.739 GC heap after
{Heap after GC invocations=48 (full 0):
 garbage-first heap   total 1753088K, used 425247K [0x000000050d000000, 0x0000000800000000)
  region size 8192K, 14 young (114688K), 14 survivors (114688K)
 Metaspace       used 145055K, committed 147392K, reserved 1179648K
  class space    used 20094K, committed 21312K, reserved 1048576K
}
Event: 20.345 GC heap before
{Heap before GC invocations=48 (full 0):
 garbage-first heap   total 1753088K, used 1350943K [0x000000050d000000, 0x0000000800000000)
  region size 8192K, 128 young (1048576K), 14 survivors (114688K)
 Metaspace       used 145155K, committed 147456K, reserved 1179648K
  class space    used 20096K, committed 21312K, reserved 1048576K
}
Event: 20.418 GC heap after
{Heap after GC invocations=49 (full 0):
 garbage-first heap   total 1753088K, used 473607K [0x000000050d000000, 0x0000000800000000)
  region size 8192K, 13 young (106496K), 13 survivors (106496K)
 Metaspace       used 145155K, committed 147456K, reserved 1179648K
  class space    used 20096K, committed 21312K, reserved 1048576K
}
Event: 21.171 GC heap before
{Heap before GC invocations=49 (full 0):
 garbage-first heap   total 1753088K, used 1415687K [0x000000050d000000, 0x0000000800000000)
  region size 8192K, 128 young (1048576K), 13 survivors (106496K)
 Metaspace       used 145437K, committed 147776K, reserved 1179648K
  class space    used 20105K, committed 21312K, reserved 1048576K
}
Event: 21.256 GC heap after
{Heap after GC invocations=50 (full 0):
 garbage-first heap   total 2891776K, used 532137K [0x000000050d000000, 0x0000000800000000)
  region size 8192K, 14 young (114688K), 14 survivors (114688K)
 Metaspace       used 145437K, committed 147776K, reserved 1179648K
  class space    used 20105K, committed 21312K, reserved 1048576K
}

