# JRE version: OpenJDK Runtime Environment (21.0.3) (build 21.0.3+-12282718-b509.11)
# Java VM: OpenJDK 64-Bit Server VM (21.0.3+-12282718-b509.11, mixed mode, tiered, compressed oops, compressed class ptrs, g1 gc, windows-amd64)
GC Precious Log:
 CardTable entry size: 512
 Card Set container configuration: InlinePtr #cards 4 size 8 Array Of Cards #cards 64 size 144 Howl #buckets 8 coarsen threshold 14745 Howl Bitmap #cards 2048 size 272 coarsen threshold 1843 Card regions per heap region 1 cards per card region 16384
 CPUs: 12 total, 12 available
 Memory: 16220M
 Large Page Support: Disabled
 NUMA Support: Disabled
 Compressed Oops: Enabled (Zero based)
 Heap Region Size: 8M
 Heap Min Capacity: 8M
 Heap Initial Capacity: 256M
 Heap Max Capacity: 12080M
 Pre-touch: Disabled
 Parallel Workers: 10
 Concurrent Workers: 3
 Concurrent Refinement Workers: 10
 Periodic GC: Disabled
Heap:
 garbage-first heap   total 2596864K, used 660664K [0x000000050d000000, 0x0000000800000000)
  region size 8192K, 10 young (81920K), 10 survivors (81920K)
 Metaspace       used 176593K, committed 179200K, reserved 1245184K
  class space    used 23443K, committed 24768K, reserved 1048576K
GC Heap History (20 events):
Event: 91.028 GC heap after
{Heap after GC invocations=39 (full 0):
 garbage-first heap   total 1040384K, used 478444K [0x000000050d000000, 0x0000000800000000)
  region size 8192K, 9 young (73728K), 9 survivors (73728K)
 Metaspace       used 170651K, committed 173248K, reserved 1245184K
  class space    used 22996K, committed 24320K, reserved 1048576K
}
Event: 91.240 GC heap before
{Heap before GC invocations=39 (full 0):
 garbage-first heap   total 1040384K, used 650476K [0x000000050d000000, 0x0000000800000000)
  region size 8192K, 31 young (253952K), 9 survivors (73728K)
 Metaspace       used 170796K, committed 173376K, reserved 1245184K
  class space    used 22999K, committed 24320K, reserved 1048576K
}
Event: 91.306 GC heap after
{Heap after GC invocations=40 (full 0):
 garbage-first heap   total 1966080K, used 520507K [0x000000050d000000, 0x0000000800000000)
  region size 8192K, 5 young (40960K), 5 survivors (40960K)
 Metaspace       used 170796K, committed 173376K, reserved 1245184K
  class space    used 22999K, committed 24320K, reserved 1048576K
}
Event: 92.766 GC heap before
{Heap before GC invocations=41 (full 0):
 garbage-first heap   total 1966080K, used 1544507K [0x000000050d000000, 0x0000000800000000)
  region size 8192K, 130 young (1064960K), 5 survivors (40960K)
 Metaspace       used 171651K, committed 174208K, reserved 1245184K
  class space    used 23050K, committed 24320K, reserved 1048576K
}
Event: 92.803 GC heap after
{Heap after GC invocations=42 (full 0):
 garbage-first heap   total 1966080K, used 540494K [0x000000050d000000, 0x0000000800000000)
  region size 8192K, 7 young (57344K), 7 survivors (57344K)
 Metaspace       used 171651K, committed 174208K, reserved 1245184K
  class space    used 23050K, committed 24320K, reserved 1048576K
}
Event: 93.751 GC heap before
{Heap before GC invocations=42 (full 0):
 garbage-first heap   total 1966080K, used 1646414K [0x000000050d000000, 0x0000000800000000)
  region size 8192K, 142 young (1163264K), 7 survivors (57344K)
 Metaspace       used 171989K, committed 174528K, reserved 1245184K
  class space    used 23074K, committed 24384K, reserved 1048576K
}
Event: 93.797 GC heap after
{Heap after GC invocations=43 (full 0):
 garbage-first heap   total 1966080K, used 534833K [0x000000050d000000, 0x0000000800000000)
  region size 8192K, 8 young (65536K), 8 survivors (65536K)
 Metaspace       used 171989K, committed 174528K, reserved 1245184K
  class space    used 23074K, committed 24384K, reserved 1048576K
}
Event: 94.761 GC heap before
{Heap before GC invocations=43 (full 0):
 garbage-first heap   total 1966080K, used 1648945K [0x000000050d000000, 0x0000000800000000)
  region size 8192K, 144 young (1179648K), 8 survivors (65536K)
 Metaspace       used 172239K, committed 174784K, reserved 1245184K
  class space    used 23085K, committed 24384K, reserved 1048576K
}
Event: 94.809 GC heap after
{Heap after GC invocations=44 (full 0):
 garbage-first heap   total 1966080K, used 546477K [0x000000050d000000, 0x0000000800000000)
  region size 8192K, 9 young (73728K), 9 survivors (73728K)
 Metaspace       used 172239K, committed 174784K, reserved 1245184K
  class space    used 23085K, committed 24384K, reserved 1048576K
}
Event: 95.834 GC heap before
{Heap before GC invocations=44 (full 0):
 garbage-first heap   total 1966080K, used 1644205K [0x000000050d000000, 0x0000000800000000)
  region size 8192K, 144 young (1179648K), 9 survivors (73728K)
 Metaspace       used 172368K, committed 174912K, reserved 1245184K
  class space    used 23089K, committed 24384K, reserved 1048576K
}
Event: 95.889 GC heap after
{Heap after GC invocations=45 (full 0):
 garbage-first heap   total 1966080K, used 558407K [0x000000050d000000, 0x0000000800000000)
  region size 8192K, 11 young (90112K), 11 survivors (90112K)
 Metaspace       used 172368K, committed 174912K, reserved 1245184K
  class space    used 23089K, committed 24384K, reserved 1048576K
}
Event: 96.854 GC heap before
{Heap before GC invocations=45 (full 0):
 garbage-first heap   total 1966080K, used 1639751K [0x000000050d000000, 0x0000000800000000)
  region size 8192K, 144 young (1179648K), 11 survivors (90112K)
 Metaspace       used 172520K, committed 175040K, reserved 1245184K
  class space    used 23099K, committed 24384K, reserved 1048576K
}
Event: 96.924 GC heap after
{Heap after GC invocations=46 (full 0):
 garbage-first heap   total 2596864K, used 580193K [0x000000050d000000, 0x0000000800000000)
  region size 8192K, 10 young (81920K), 10 survivors (81920K)
 Metaspace       used 172520K, committed 175040K, reserved 1245184K
  class space    used 23099K, committed 24384K, reserved 1048576K
}
Event: 98.689 GC heap before
{Heap before GC invocations=46 (full 0):
 garbage-first heap   total 2596864K, used 2046561K [0x000000050d000000, 0x0000000800000000)
  region size 8192K, 190 young (1556480K), 10 survivors (81920K)
 Metaspace       used 172673K, committed 175168K, reserved 1245184K
  class space    used 23104K, committed 24384K, reserved 1048576K
}
Event: 98.763 GC heap after
{Heap after GC invocations=47 (full 0):
 garbage-first heap   total 2596864K, used 606265K [0x000000050d000000, 0x0000000800000000)
  region size 8192K, 14 young (114688K), 14 survivors (114688K)
 Metaspace       used 172673K, committed 175168K, reserved 1245184K
  class space    used 23104K, committed 24384K, reserved 1048576K
}
Event: 100.307 GC heap before
{Heap before GC invocations=47 (full 0):
 garbage-first heap   total 2596864K, used 2162745K [0x000000050d000000, 0x0000000800000000)
  region size 8192K, 190 young (1556480K), 14 survivors (114688K)
 Metaspace       used 172834K, committed 175296K, reserved 1245184K
  class space    used 23104K, committed 24384K, reserved 1048576K
}
Event: 100.420 GC heap after
{Heap after GC invocations=48 (full 0):
 garbage-first heap   total 2596864K, used 740692K [0x000000050d000000, 0x0000000800000000)
  region size 8192K, 21 young (172032K), 21 survivors (172032K)
 Metaspace       used 172834K, committed 175296K, reserved 1245184K
  class space    used 23104K, committed 24384K, reserved 1048576K
}
Event: 101.657 GC heap before
{Heap before GC invocations=48 (full 0):
 garbage-first heap   total 2596864K, used 2125140K [0x000000050d000000, 0x0000000800000000)
  region size 8192K, 190 young (1556480K), 21 survivors (172032K)
 Metaspace       used 173196K, committed 175744K, reserved 1245184K
  class space    used 23132K, committed 24448K, reserved 1048576K
}
Event: 101.744 GC heap after
{Heap after GC invocations=49 (full 0):
 garbage-first heap   total 2596864K, used 659073K [0x000000050d000000, 0x0000000800000000)
  region size 8192K, 9 young (73728K), 9 survivors (73728K)
 Metaspace       used 173196K, committed 175744K, reserved 1245184K
  class space    used 23132K, committed 24448K, reserved 1048576K
}
Event: 103.146 GC heap before
{Heap before GC invocations=49 (full 0):
 garbage-first heap   total 2596864K, used 2133633K [0x000000050d000000, 0x0000000800000000)
  region size 8192K, 190 young (1556480K), 9 survivors (73728K)
 Metaspace       used 176593K, committed 179200K, reserved 1245184K
  class space    used 23443K, committed 24768K, reserved 1048576K
}

