# JRE version: OpenJDK Runtime Environment (21.0.6) (build 21.0.6+-13368085-b895.109)
# Java VM: OpenJDK 64-Bit Server VM (21.0.6+-13368085-b895.109, mixed mode, tiered, compressed oops, compressed class ptrs, g1 gc, windows-amd64)
GC Precious Log:
 CardTable entry size: 512
 Card Set container configuration: InlinePtr #cards 4 size 8 Array Of Cards #cards 64 size 144 Howl #buckets 8 coarsen threshold 14745 Howl Bitmap #cards 2048 size 272 coarsen threshold 1843 Card regions per heap region 1 cards per card region 16384
 CPUs: 12 total, 12 available
 Memory: 16292M
 Large Page Support: Disabled
 NUMA Support: Disabled
 Compressed Oops: Enabled (Zero based)
 Heap Region Size: 8M
 Heap Min Capacity: 8M
 Heap Initial Capacity: 256M
 Heap Max Capacity: 12080M
 Pre-touch: Disabled
 Parallel Workers: 10
 Concurrent Workers: 3
 Concurrent Refinement Workers: 10
 Periodic GC: Disabled
Heap:
 garbage-first heap   total 835584K, used 812846K [0x000000050d000000, 0x0000000800000000)
  region size 8192K, 41 young (335872K), 1 survivors (8192K)
 Metaspace       used 174360K, committed 177024K, reserved 1245184K
  class space    used 23482K, committed 24832K, reserved 1048576K
GC Heap History (20 events):
Event: 268.982 GC heap after
{Heap after GC invocations=59 (full 0):
 garbage-first heap   total 548864K, used 298476K [0x000000050d000000, 0x0000000800000000)
  region size 8192K, 3 young (24576K), 3 survivors (24576K)
 Metaspace       used 169363K, committed 172032K, reserved 1245184K
  class space    used 22885K, committed 24256K, reserved 1048576K
}
Event: 269.403 GC heap before
{Heap before GC invocations=59 (full 0):
 garbage-first heap   total 548864K, used 454124K [0x000000050d000000, 0x0000000800000000)
  region size 8192K, 22 young (180224K), 3 survivors (24576K)
 Metaspace       used 171948K, committed 174656K, reserved 1245184K
  class space    used 23178K, committed 24576K, reserved 1048576K
}
Event: 269.429 GC heap after
{Heap after GC invocations=60 (full 0):
 garbage-first heap   total 548864K, used 341084K [0x000000050d000000, 0x0000000800000000)
  region size 8192K, 3 young (24576K), 3 survivors (24576K)
 Metaspace       used 171948K, committed 174656K, reserved 1245184K
  class space    used 23178K, committed 24576K, reserved 1048576K
}
Event: 269.604 GC heap before
{Heap before GC invocations=60 (full 0):
 garbage-first heap   total 573440K, used 455772K [0x000000050d000000, 0x0000000800000000)
  region size 8192K, 17 young (139264K), 3 survivors (24576K)
 Metaspace       used 172039K, committed 174784K, reserved 1245184K
  class space    used 23179K, committed 24576K, reserved 1048576K
}
Event: 269.615 GC heap after
{Heap after GC invocations=61 (full 0):
 garbage-first heap   total 573440K, used 349038K [0x000000050d000000, 0x0000000800000000)
  region size 8192K, 1 young (8192K), 1 survivors (8192K)
 Metaspace       used 172039K, committed 174784K, reserved 1245184K
  class space    used 23179K, committed 24576K, reserved 1048576K
}
Event: 269.723 GC heap before
{Heap before GC invocations=62 (full 0):
 garbage-first heap   total 573440K, used 480110K [0x000000050d000000, 0x0000000800000000)
  region size 8192K, 17 young (139264K), 1 survivors (8192K)
 Metaspace       used 172055K, committed 174784K, reserved 1245184K
  class space    used 23180K, committed 24576K, reserved 1048576K
}
Event: 269.725 GC heap after
{Heap after GC invocations=63 (full 0):
 garbage-first heap   total 573440K, used 345975K [0x000000050d000000, 0x0000000800000000)
  region size 8192K, 1 young (8192K), 1 survivors (8192K)
 Metaspace       used 172055K, committed 174784K, reserved 1245184K
  class space    used 23180K, committed 24576K, reserved 1048576K
}
Event: 269.835 GC heap before
{Heap before GC invocations=63 (full 0):
 garbage-first heap   total 573440K, used 493431K [0x000000050d000000, 0x0000000800000000)
  region size 8192K, 19 young (155648K), 1 survivors (8192K)
 Metaspace       used 172078K, committed 174784K, reserved 1245184K
  class space    used 23180K, committed 24576K, reserved 1048576K
}
Event: 269.840 GC heap after
{Heap after GC invocations=64 (full 0):
 garbage-first heap   total 753664K, used 341124K [0x000000050d000000, 0x0000000800000000)
  region size 8192K, 1 young (8192K), 1 survivors (8192K)
 Metaspace       used 172078K, committed 174784K, reserved 1245184K
  class space    used 23180K, committed 24576K, reserved 1048576K
}
Event: 270.424 GC heap before
{Heap before GC invocations=64 (full 0):
 garbage-first heap   total 753664K, used 636036K [0x000000050d000000, 0x0000000800000000)
  region size 8192K, 37 young (303104K), 1 survivors (8192K)
 Metaspace       used 172231K, committed 174912K, reserved 1245184K
  class space    used 23193K, committed 24576K, reserved 1048576K
}
Event: 270.428 GC heap after
{Heap after GC invocations=65 (full 0):
 garbage-first heap   total 753664K, used 345385K [0x000000050d000000, 0x0000000800000000)
  region size 8192K, 1 young (8192K), 1 survivors (8192K)
 Metaspace       used 172231K, committed 174912K, reserved 1245184K
  class space    used 23193K, committed 24576K, reserved 1048576K
}
Event: 271.558 GC heap before
{Heap before GC invocations=66 (full 0):
 garbage-first heap   total 753664K, used 648489K [0x000000050d000000, 0x0000000800000000)
  region size 8192K, 43 young (352256K), 1 survivors (8192K)
 Metaspace       used 172924K, committed 175552K, reserved 1245184K
  class space    used 23285K, committed 24640K, reserved 1048576K
}
Event: 271.563 GC heap after
{Heap after GC invocations=67 (full 0):
 garbage-first heap   total 753664K, used 307584K [0x000000050d000000, 0x0000000800000000)
  region size 8192K, 1 young (8192K), 1 survivors (8192K)
 Metaspace       used 172924K, committed 175552K, reserved 1245184K
  class space    used 23285K, committed 24640K, reserved 1048576K
}
Event: 271.840 GC heap before
{Heap before GC invocations=67 (full 0):
 garbage-first heap   total 753664K, used 692608K [0x000000050d000000, 0x0000000800000000)
  region size 8192K, 48 young (393216K), 1 survivors (8192K)
 Metaspace       used 172924K, committed 175552K, reserved 1245184K
  class space    used 23285K, committed 24640K, reserved 1048576K
}
Event: 271.844 GC heap after
{Heap after GC invocations=68 (full 0):
 garbage-first heap   total 753664K, used 285230K [0x000000050d000000, 0x0000000800000000)
  region size 8192K, 1 young (8192K), 1 survivors (8192K)
 Metaspace       used 172924K, committed 175552K, reserved 1245184K
  class space    used 23285K, committed 24640K, reserved 1048576K
}
Event: 272.773 GC heap before
{Heap before GC invocations=68 (full 0):
 garbage-first heap   total 753664K, used 694830K [0x000000050d000000, 0x0000000800000000)
  region size 8192K, 51 young (417792K), 1 survivors (8192K)
 Metaspace       used 172926K, committed 175552K, reserved 1245184K
  class space    used 23285K, committed 24640K, reserved 1048576K
}
Event: 272.781 GC heap after
{Heap after GC invocations=69 (full 0):
 garbage-first heap   total 753664K, used 291754K [0x000000050d000000, 0x0000000800000000)
  region size 8192K, 2 young (16384K), 2 survivors (16384K)
 Metaspace       used 172926K, committed 175552K, reserved 1245184K
  class space    used 23285K, committed 24640K, reserved 1048576K
}
Event: 274.338 GC heap before
{Heap before GC invocations=70 (full 0):
 garbage-first heap   total 753664K, used 742314K [0x000000050d000000, 0x0000000800000000)
  region size 8192K, 44 young (360448K), 2 survivors (16384K)
 Metaspace       used 173867K, committed 176512K, reserved 1245184K
  class space    used 23415K, committed 24768K, reserved 1048576K
}
Event: 274.360 GC heap after
{Heap after GC invocations=71 (full 0):
 garbage-first heap   total 819200K, used 337710K [0x000000050d000000, 0x0000000800000000)
  region size 8192K, 7 young (57344K), 7 survivors (57344K)
 Metaspace       used 173867K, committed 176512K, reserved 1245184K
  class space    used 23415K, committed 24768K, reserved 1048576K
}
Event: 295.989 GC heap before
{Heap before GC invocations=71 (full 0):
 garbage-first heap   total 819200K, used 804654K [0x000000050d000000, 0x0000000800000000)
  region size 8192K, 47 young (385024K), 7 survivors (57344K)
 Metaspace       used 174360K, committed 177024K, reserved 1245184K
  class space    used 23482K, committed 24832K, reserved 1048576K
}

