# JRE version: OpenJDK Runtime Environment (21.0.6) (build 21.0.6+-13368085-b895.109)
# Java VM: OpenJDK 64-Bit Server VM (21.0.6+-13368085-b895.109, mixed mode, tiered, compressed oops, compressed class ptrs, g1 gc, windows-amd64)
GC Precious Log:
 CardTable entry size: 512
 Card Set container configuration: InlinePtr #cards 4 size 8 Array Of Cards #cards 64 size 144 Howl #buckets 8 coarsen threshold 14745 Howl Bitmap #cards 2048 size 272 coarsen threshold 1843 Card regions per heap region 1 cards per card region 16384
 CPUs: 12 total, 12 available
 Memory: 16220M
 Large Page Support: Disabled
 NUMA Support: Disabled
 Compressed Oops: Enabled (Zero based)
 Heap Region Size: 8M
 Heap Min Capacity: 8M
 Heap Initial Capacity: 256M
 Heap Max Capacity: 12080M
 Pre-touch: Disabled
 Parallel Workers: 10
 Concurrent Workers: 3
 Concurrent Refinement Workers: 10
 Periodic GC: Disabled
Heap:
 garbage-first heap   total 1212416K, used 448262K [0x000000050d000000, 0x0000000800000000)
  region size 8192K, 22 young (180224K), 8 survivors (65536K)
 Metaspace       used 169107K, committed 171776K, reserved 1245184K
  class space    used 22128K, committed 23488K, reserved 1048576K
GC Heap History (20 events):
Event: 760.787 GC heap before
{Heap before GC invocations=112 (full 0):
 garbage-first heap   total 1343488K, used 1131738K [0x000000050d000000, 0x0000000800000000)
  region size 8192K, 98 young (802816K), 1 survivors (8192K)
 Metaspace       used 167009K, committed 169600K, reserved 1245184K
  class space    used 21938K, committed 23296K, reserved 1048576K
}
Event: 760.795 GC heap after
{Heap after GC invocations=113 (full 0):
 garbage-first heap   total 1343488K, used 329959K [0x000000050d000000, 0x0000000800000000)
  region size 8192K, 1 young (8192K), 1 survivors (8192K)
 Metaspace       used 167009K, committed 169600K, reserved 1245184K
  class space    used 21938K, committed 23296K, reserved 1048576K
}
Event: 761.275 GC heap before
{Heap before GC invocations=113 (full 0):
 garbage-first heap   total 1343488K, used 1116391K [0x000000050d000000, 0x0000000800000000)
  region size 8192K, 98 young (802816K), 1 survivors (8192K)
 Metaspace       used 167101K, committed 169792K, reserved 1245184K
  class space    used 21938K, committed 23296K, reserved 1048576K
}
Event: 761.281 GC heap after
{Heap after GC invocations=114 (full 0):
 garbage-first heap   total 1343488K, used 341196K [0x000000050d000000, 0x0000000800000000)
  region size 8192K, 2 young (16384K), 2 survivors (16384K)
 Metaspace       used 167101K, committed 169792K, reserved 1245184K
  class space    used 21938K, committed 23296K, reserved 1048576K
}
Event: 764.349 GC heap before
{Heap before GC invocations=115 (full 0):
 garbage-first heap   total 1343488K, used 1324236K [0x000000050d000000, 0x0000000800000000)
  region size 8192K, 63 young (516096K), 2 survivors (16384K)
 Metaspace       used 167110K, committed 169792K, reserved 1245184K
  class space    used 21938K, committed 23296K, reserved 1048576K
}
Event: 764.355 GC heap after
{Heap after GC invocations=116 (full 0):
 garbage-first heap   total 1359872K, used 340764K [0x000000050d000000, 0x0000000800000000)
  region size 8192K, 2 young (16384K), 2 survivors (16384K)
 Metaspace       used 167110K, committed 169792K, reserved 1245184K
  class space    used 21938K, committed 23296K, reserved 1048576K
}
Event: 1113.027 GC heap before
{Heap before GC invocations=116 (full 0):
 garbage-first heap   total 1359872K, used 1340188K [0x000000050d000000, 0x0000000800000000)
  region size 8192K, 63 young (516096K), 2 survivors (16384K)
 Metaspace       used 167837K, committed 170432K, reserved 1245184K
  class space    used 22014K, committed 23360K, reserved 1048576K
}
Event: 1113.050 GC heap after
{Heap after GC invocations=117 (full 0):
 garbage-first heap   total 1392640K, used 339870K [0x000000050d000000, 0x0000000800000000)
  region size 8192K, 3 young (24576K), 3 survivors (24576K)
 Metaspace       used 167837K, committed 170432K, reserved 1245184K
  class space    used 22014K, committed 23360K, reserved 1048576K
}
Event: 1113.872 GC heap before
{Heap before GC invocations=117 (full 0):
 garbage-first heap   total 1392640K, used 446366K [0x000000050d000000, 0x0000000800000000)
  region size 8192K, 18 young (147456K), 3 survivors (24576K)
 Metaspace       used 168886K, committed 171584K, reserved 1245184K
  class space    used 22102K, committed 23488K, reserved 1048576K
}
Event: 1113.885 GC heap after
{Heap after GC invocations=118 (full 0):
 garbage-first heap   total 1392640K, used 346072K [0x000000050d000000, 0x0000000800000000)
  region size 8192K, 4 young (32768K), 4 survivors (32768K)
 Metaspace       used 168886K, committed 171584K, reserved 1245184K
  class space    used 22102K, committed 23488K, reserved 1048576K
}
Event: 1116.645 GC heap before
{Heap before GC invocations=119 (full 0):
 garbage-first heap   total 1097728K, used 1077688K [0x000000050d000000, 0x0000000800000000)
  region size 8192K, 64 young (524288K), 4 survivors (32768K)
 Metaspace       used 168907K, committed 171584K, reserved 1245184K
  class space    used 22103K, committed 23488K, reserved 1048576K
}
Event: 1116.675 GC heap after
{Heap after GC invocations=120 (full 0):
 garbage-first heap   total 1179648K, used 354610K [0x000000050d000000, 0x0000000800000000)
  region size 8192K, 10 young (81920K), 10 survivors (81920K)
 Metaspace       used 168907K, committed 171584K, reserved 1245184K
  class space    used 22103K, committed 23488K, reserved 1048576K
}
Event: 1117.065 GC heap before
{Heap before GC invocations=120 (full 0):
 garbage-first heap   total 1179648K, used 977202K [0x000000050d000000, 0x0000000800000000)
  region size 8192K, 86 young (704512K), 10 survivors (81920K)
 Metaspace       used 168922K, committed 171584K, reserved 1245184K
  class space    used 22103K, committed 23488K, reserved 1048576K
}
Event: 1117.109 GC heap after
{Heap after GC invocations=121 (full 0):
 garbage-first heap   total 1179648K, used 379923K [0x000000050d000000, 0x0000000800000000)
  region size 8192K, 5 young (40960K), 5 survivors (40960K)
 Metaspace       used 168922K, committed 171584K, reserved 1245184K
  class space    used 22103K, committed 23488K, reserved 1048576K
}
Event: 1118.547 GC heap before
{Heap before GC invocations=121 (full 0):
 garbage-first heap   total 1179648K, used 1018899K [0x000000050d000000, 0x0000000800000000)
  region size 8192K, 83 young (679936K), 5 survivors (40960K)
 Metaspace       used 168923K, committed 171584K, reserved 1245184K
  class space    used 22103K, committed 23488K, reserved 1048576K
}
Event: 1118.564 GC heap after
{Heap after GC invocations=122 (full 0):
 garbage-first heap   total 1179648K, used 385506K [0x000000050d000000, 0x0000000800000000)
  region size 8192K, 6 young (49152K), 6 survivors (49152K)
 Metaspace       used 168923K, committed 171584K, reserved 1245184K
  class space    used 22103K, committed 23488K, reserved 1048576K
}
Event: 1119.449 GC heap before
{Heap before GC invocations=123 (full 0):
 garbage-first heap   total 1097728K, used 926178K [0x000000050d000000, 0x0000000800000000)
  region size 8192K, 80 young (655360K), 6 survivors (49152K)
 Metaspace       used 168927K, committed 171584K, reserved 1245184K
  class space    used 22103K, committed 23488K, reserved 1048576K
}
Event: 1119.467 GC heap after
{Heap after GC invocations=124 (full 0):
 garbage-first heap   total 1097728K, used 324770K [0x000000050d000000, 0x0000000800000000)
  region size 8192K, 6 young (49152K), 6 survivors (49152K)
 Metaspace       used 168927K, committed 171584K, reserved 1245184K
  class space    used 22103K, committed 23488K, reserved 1048576K
}
Event: 1120.975 GC heap before
{Heap before GC invocations=124 (full 0):
 garbage-first heap   total 1105920K, used 1094818K [0x000000050d000000, 0x0000000800000000)
  region size 8192K, 69 young (565248K), 6 survivors (49152K)
 Metaspace       used 168970K, committed 171648K, reserved 1245184K
  class space    used 22103K, committed 23488K, reserved 1048576K
}
Event: 1121.008 GC heap after
{Heap after GC invocations=125 (full 0):
 garbage-first heap   total 1212416K, used 341766K [0x000000050d000000, 0x0000000800000000)
  region size 8192K, 8 young (65536K), 8 survivors (65536K)
 Metaspace       used 168970K, committed 171648K, reserved 1245184K
  class space    used 22103K, committed 23488K, reserved 1048576K
}

