# JRE version: OpenJDK Runtime Environment (21.0.6) (build 21.0.6+-13368085-b895.109)
# Java VM: OpenJDK 64-Bit Server VM (21.0.6+-13368085-b895.109, mixed mode, tiered, compressed oops, compressed class ptrs, g1 gc, windows-amd64)
GC Precious Log:
 CardTable entry size: 512
 Card Set container configuration: InlinePtr #cards 4 size 8 Array Of Cards #cards 64 size 144 Howl #buckets 8 coarsen threshold 14745 Howl Bitmap #cards 2048 size 272 coarsen threshold 1843 Card regions per heap region 1 cards per card region 16384
 CPUs: 12 total, 12 available
 Memory: 16220M
 Large Page Support: Disabled
 NUMA Support: Disabled
 Compressed Oops: Enabled (Zero based)
 Heap Region Size: 8M
 Heap Min Capacity: 8M
 Heap Initial Capacity: 256M
 Heap Max Capacity: 12080M
 Pre-touch: Disabled
 Parallel Workers: 10
 Concurrent Workers: 3
 Concurrent Refinement Workers: 10
 Periodic GC: Disabled
Heap:
 garbage-first heap   total 1646592K, used 328794K [0x000000050d000000, 0x0000000800000000)
  region size 8192K, 5 young (40960K), 5 survivors (40960K)
 Metaspace       used 177620K, committed 180416K, reserved 1245184K
  class space    used 22930K, committed 24384K, reserved 1048576K
GC Heap History (20 events):
Event: 1218.258 GC heap after
{Heap after GC invocations=90 (full 0):
 garbage-first heap   total 1064960K, used 389403K [0x000000050d000000, 0x0000000800000000)
  region size 8192K, 7 young (57344K), 7 survivors (57344K)
 Metaspace       used 175147K, committed 177984K, reserved 1245184K
  class space    used 22776K, committed 24256K, reserved 1048576K
}
Event: 1218.816 GC heap before
{Heap before GC invocations=90 (full 0):
 garbage-first heap   total 1064960K, used 938267K [0x000000050d000000, 0x0000000800000000)
  region size 8192K, 74 young (606208K), 7 survivors (57344K)
 Metaspace       used 175568K, committed 178368K, reserved 1245184K
  class space    used 22794K, committed 24256K, reserved 1048576K
}
Event: 1218.852 GC heap after
{Heap after GC invocations=91 (full 0):
 garbage-first heap   total 1064960K, used 409527K [0x000000050d000000, 0x0000000800000000)
  region size 8192K, 4 young (32768K), 4 survivors (32768K)
 Metaspace       used 175568K, committed 178368K, reserved 1245184K
  class space    used 22794K, committed 24256K, reserved 1048576K
}
Event: 1219.459 GC heap before
{Heap before GC invocations=92 (full 0):
 garbage-first heap   total 1064960K, used 860087K [0x000000050d000000, 0x0000000800000000)
  region size 8192K, 70 young (573440K), 4 survivors (32768K)
 Metaspace       used 175925K, committed 178752K, reserved 1245184K
  class space    used 22803K, committed 24256K, reserved 1048576K
}
Event: 1219.480 GC heap after
{Heap after GC invocations=93 (full 0):
 garbage-first heap   total 1064960K, used 341800K [0x000000050d000000, 0x0000000800000000)
  region size 8192K, 5 young (40960K), 5 survivors (40960K)
 Metaspace       used 175925K, committed 178752K, reserved 1245184K
  class space    used 22803K, committed 24256K, reserved 1048576K
}
Event: 1220.023 GC heap before
{Heap before GC invocations=93 (full 0):
 garbage-first heap   total 1064960K, used 931624K [0x000000050d000000, 0x0000000800000000)
  region size 8192K, 78 young (638976K), 5 survivors (40960K)
 Metaspace       used 176204K, committed 179008K, reserved 1245184K
  class space    used 22807K, committed 24256K, reserved 1048576K
}
Event: 1220.046 GC heap after
{Heap after GC invocations=94 (full 0):
 garbage-first heap   total 1064960K, used 332814K [0x000000050d000000, 0x0000000800000000)
  region size 8192K, 6 young (49152K), 6 survivors (49152K)
 Metaspace       used 176204K, committed 179008K, reserved 1245184K
  class space    used 22807K, committed 24256K, reserved 1048576K
}
Event: 1220.569 GC heap before
{Heap before GC invocations=94 (full 0):
 garbage-first heap   total 1064960K, used 914446K [0x000000050d000000, 0x0000000800000000)
  region size 8192K, 78 young (638976K), 6 survivors (49152K)
 Metaspace       used 176360K, committed 179200K, reserved 1245184K
  class space    used 22815K, committed 24320K, reserved 1048576K
}
Event: 1220.598 GC heap after
{Heap after GC invocations=95 (full 0):
 garbage-first heap   total 1646592K, used 344431K [0x000000050d000000, 0x0000000800000000)
  region size 8192K, 5 young (40960K), 5 survivors (40960K)
 Metaspace       used 176360K, committed 179200K, reserved 1245184K
  class space    used 22815K, committed 24320K, reserved 1048576K
}
Event: 1221.324 GC heap before
{Heap before GC invocations=96 (full 0):
 garbage-first heap   total 1179648K, used 1007983K [0x000000050d000000, 0x0000000800000000)
  region size 8192K, 86 young (704512K), 5 survivors (40960K)
 Metaspace       used 176874K, committed 179712K, reserved 1245184K
  class space    used 22861K, committed 24320K, reserved 1048576K
}
Event: 1221.346 GC heap after
{Heap after GC invocations=97 (full 0):
 garbage-first heap   total 1179648K, used 347420K [0x000000050d000000, 0x0000000800000000)
  region size 8192K, 6 young (49152K), 6 survivors (49152K)
 Metaspace       used 176874K, committed 179712K, reserved 1245184K
  class space    used 22861K, committed 24320K, reserved 1048576K
}
Event: 1221.945 GC heap before
{Heap before GC invocations=97 (full 0):
 garbage-first heap   total 1179648K, used 1002780K [0x000000050d000000, 0x0000000800000000)
  region size 8192K, 86 young (704512K), 6 survivors (49152K)
 Metaspace       used 177238K, committed 180032K, reserved 1245184K
  class space    used 22909K, committed 24384K, reserved 1048576K
}
Event: 1221.978 GC heap after
{Heap after GC invocations=98 (full 0):
 garbage-first heap   total 1179648K, used 333160K [0x000000050d000000, 0x0000000800000000)
  region size 8192K, 7 young (57344K), 7 survivors (57344K)
 Metaspace       used 177238K, committed 180032K, reserved 1245184K
  class space    used 22909K, committed 24384K, reserved 1048576K
}
Event: 1222.593 GC heap before
{Heap before GC invocations=98 (full 0):
 garbage-first heap   total 1179648K, used 972136K [0x000000050d000000, 0x0000000800000000)
  region size 8192K, 86 young (704512K), 7 survivors (57344K)
 Metaspace       used 177412K, committed 180224K, reserved 1245184K
  class space    used 22921K, committed 24384K, reserved 1048576K
}
Event: 1222.622 GC heap after
{Heap after GC invocations=99 (full 0):
 garbage-first heap   total 1179648K, used 336109K [0x000000050d000000, 0x0000000800000000)
  region size 8192K, 5 young (40960K), 5 survivors (40960K)
 Metaspace       used 177412K, committed 180224K, reserved 1245184K
  class space    used 22921K, committed 24384K, reserved 1048576K
}
Event: 1223.188 GC heap before
{Heap before GC invocations=100 (full 0):
 garbage-first heap   total 1179648K, used 999661K [0x000000050d000000, 0x0000000800000000)
  region size 8192K, 86 young (704512K), 5 survivors (40960K)
 Metaspace       used 177453K, committed 180224K, reserved 1245184K
  class space    used 22921K, committed 24384K, reserved 1048576K
}
Event: 1223.212 GC heap after
{Heap after GC invocations=101 (full 0):
 garbage-first heap   total 1179648K, used 343919K [0x000000050d000000, 0x0000000800000000)
  region size 8192K, 6 young (49152K), 6 survivors (49152K)
 Metaspace       used 177453K, committed 180224K, reserved 1245184K
  class space    used 22921K, committed 24384K, reserved 1048576K
}
Event: 1223.615 GC heap before
{Heap before GC invocations=101 (full 0):
 garbage-first heap   total 1179648K, used 999279K [0x000000050d000000, 0x0000000800000000)
  region size 8192K, 86 young (704512K), 6 survivors (49152K)
 Metaspace       used 177529K, committed 180288K, reserved 1245184K
  class space    used 22928K, committed 24384K, reserved 1048576K
}
Event: 1223.639 GC heap after
{Heap after GC invocations=102 (full 0):
 garbage-first heap   total 1179648K, used 335431K [0x000000050d000000, 0x0000000800000000)
  region size 8192K, 6 young (49152K), 6 survivors (49152K)
 Metaspace       used 177529K, committed 180288K, reserved 1245184K
  class space    used 22928K, committed 24384K, reserved 1048576K
}
Event: 1224.196 GC heap before
{Heap before GC invocations=102 (full 0):
 garbage-first heap   total 1179648K, used 990791K [0x000000050d000000, 0x0000000800000000)
  region size 8192K, 86 young (704512K), 6 survivors (49152K)
 Metaspace       used 177620K, committed 180416K, reserved 1245184K
  class space    used 22930K, committed 24384K, reserved 1048576K
}

