# JRE version: OpenJDK Runtime Environment (21.0.6) (build 21.0.6+-13368085-b895.109)
# Java VM: OpenJDK 64-Bit Server VM (21.0.6+-13368085-b895.109, mixed mode, tiered, compressed oops, compressed class ptrs, g1 gc, windows-amd64)
GC Precious Log:
 CardTable entry size: 512
 Card Set container configuration: InlinePtr #cards 4 size 8 Array Of Cards #cards 64 size 144 Howl #buckets 8 coarsen threshold 14745 Howl Bitmap #cards 2048 size 272 coarsen threshold 1843 Card regions per heap region 1 cards per card region 16384
 CPUs: 12 total, 12 available
 Memory: 16292M
 Large Page Support: Disabled
 NUMA Support: Disabled
 Compressed Oops: Enabled (Zero based)
 Heap Region Size: 8M
 Heap Min Capacity: 8M
 Heap Initial Capacity: 256M
 Heap Max Capacity: 12080M
 Pre-touch: Disabled
 Parallel Workers: 10
 Concurrent Workers: 3
 Concurrent Refinement Workers: 10
 Periodic GC: Disabled
Heap:
 garbage-first heap   total 1236992K, used 1152365K [0x000000050d000000, 0x0000000800000000)
  region size 8192K, 62 young (507904K), 1 survivors (8192K)
 Metaspace       used 177633K, committed 180224K, reserved 1245184K
  class space    used 24098K, committed 25472K, reserved 1048576K
GC Heap History (20 events):
Event: 235.840 GC heap after
{Heap after GC invocations=56 (full 0):
 garbage-first heap   total 458752K, used 205238K [0x000000050d000000, 0x0000000800000000)
  region size 8192K, 4 young (32768K), 4 survivors (32768K)
 Metaspace       used 168962K, committed 171712K, reserved 1245184K
  class space    used 23047K, committed 24448K, reserved 1048576K
}
Event: 236.484 GC heap before
{Heap before GC invocations=56 (full 0):
 garbage-first heap   total 458752K, used 401846K [0x000000050d000000, 0x0000000800000000)
  region size 8192K, 26 young (212992K), 4 survivors (32768K)
 Metaspace       used 171911K, committed 174592K, reserved 1245184K
  class space    used 23428K, committed 24832K, reserved 1048576K
}
Event: 236.527 GC heap after
{Heap after GC invocations=57 (full 0):
 garbage-first heap   total 507904K, used 266424K [0x000000050d000000, 0x0000000800000000)
  region size 8192K, 4 young (32768K), 4 survivors (32768K)
 Metaspace       used 171911K, committed 174592K, reserved 1245184K
  class space    used 23428K, committed 24832K, reserved 1048576K
}
Event: 236.532 GC heap before
{Heap before GC invocations=57 (full 0):
 garbage-first heap   total 507904K, used 266424K [0x000000050d000000, 0x0000000800000000)
  region size 8192K, 5 young (40960K), 4 survivors (32768K)
 Metaspace       used 171911K, committed 174592K, reserved 1245184K
  class space    used 23428K, committed 24832K, reserved 1048576K
}
Event: 236.545 GC heap after
{Heap after GC invocations=58 (full 0):
 garbage-first heap   total 507904K, used 272975K [0x000000050d000000, 0x0000000800000000)
  region size 8192K, 1 young (8192K), 1 survivors (8192K)
 Metaspace       used 171911K, committed 174592K, reserved 1245184K
  class space    used 23428K, committed 24832K, reserved 1048576K
}
Event: 238.774 GC heap before
{Heap before GC invocations=59 (full 0):
 garbage-first heap   total 548864K, used 535119K [0x000000050d000000, 0x0000000800000000)
  region size 8192K, 13 young (106496K), 1 survivors (8192K)
 Metaspace       used 172510K, committed 175168K, reserved 1245184K
  class space    used 23484K, committed 24832K, reserved 1048576K
}
Event: 238.779 GC heap after
{Heap after GC invocations=60 (full 0):
 garbage-first heap   total 557056K, used 275692K [0x000000050d000000, 0x0000000800000000)
  region size 8192K, 1 young (8192K), 1 survivors (8192K)
 Metaspace       used 172510K, committed 175168K, reserved 1245184K
  class space    used 23484K, committed 24832K, reserved 1048576K
}
Event: 238.887 GC heap before
{Heap before GC invocations=60 (full 0):
 garbage-first heap   total 557056K, used 472300K [0x000000050d000000, 0x0000000800000000)
  region size 8192K, 25 young (204800K), 1 survivors (8192K)
 Metaspace       used 172540K, committed 175168K, reserved 1245184K
  class space    used 23484K, committed 24832K, reserved 1048576K
}
Event: 238.924 GC heap after
{Heap after GC invocations=61 (full 0):
 garbage-first heap   total 565248K, used 343366K [0x000000050d000000, 0x0000000800000000)
  region size 8192K, 4 young (32768K), 4 survivors (32768K)
 Metaspace       used 172540K, committed 175168K, reserved 1245184K
  class space    used 23484K, committed 24832K, reserved 1048576K
}
Event: 239.365 GC heap before
{Heap before GC invocations=61 (full 0):
 garbage-first heap   total 565248K, used 482630K [0x000000050d000000, 0x0000000800000000)
  region size 8192K, 21 young (172032K), 4 survivors (32768K)
 Metaspace       used 175261K, committed 177856K, reserved 1245184K
  class space    used 23788K, committed 25152K, reserved 1048576K
}
Event: 239.382 GC heap after
{Heap after GC invocations=62 (full 0):
 garbage-first heap   total 1130496K, used 357695K [0x000000050d000000, 0x0000000800000000)
  region size 8192K, 2 young (16384K), 2 survivors (16384K)
 Metaspace       used 175261K, committed 177856K, reserved 1245184K
  class space    used 23788K, committed 25152K, reserved 1048576K
}
Event: 239.819 GC heap before
{Heap before GC invocations=63 (full 0):
 garbage-first heap   total 1015808K, used 668991K [0x000000050d000000, 0x0000000800000000)
  region size 8192K, 48 young (393216K), 2 survivors (16384K)
 Metaspace       used 175304K, committed 177984K, reserved 1245184K
  class space    used 23789K, committed 25152K, reserved 1048576K
}
Event: 239.825 GC heap after
{Heap after GC invocations=64 (full 0):
 garbage-first heap   total 1015808K, used 290812K [0x000000050d000000, 0x0000000800000000)
  region size 8192K, 2 young (16384K), 2 survivors (16384K)
 Metaspace       used 175304K, committed 177984K, reserved 1245184K
  class space    used 23789K, committed 25152K, reserved 1048576K
}
Event: 241.578 GC heap before
{Heap before GC invocations=64 (full 0):
 garbage-first heap   total 1015808K, used 880636K [0x000000050d000000, 0x0000000800000000)
  region size 8192K, 74 young (606208K), 2 survivors (16384K)
 Metaspace       used 176125K, committed 178752K, reserved 1245184K
  class space    used 23888K, committed 25216K, reserved 1048576K
}
Event: 241.586 GC heap after
{Heap after GC invocations=65 (full 0):
 garbage-first heap   total 1015808K, used 282105K [0x000000050d000000, 0x0000000800000000)
  region size 8192K, 2 young (16384K), 2 survivors (16384K)
 Metaspace       used 176125K, committed 178752K, reserved 1245184K
  class space    used 23888K, committed 25216K, reserved 1048576K
}
Event: 242.050 GC heap before
{Heap before GC invocations=65 (full 0):
 garbage-first heap   total 1015808K, used 871929K [0x000000050d000000, 0x0000000800000000)
  region size 8192K, 74 young (606208K), 2 survivors (16384K)
 Metaspace       used 176127K, committed 178752K, reserved 1245184K
  class space    used 23888K, committed 25216K, reserved 1048576K
}
Event: 242.058 GC heap after
{Heap after GC invocations=66 (full 0):
 garbage-first heap   total 1015808K, used 286064K [0x000000050d000000, 0x0000000800000000)
  region size 8192K, 3 young (24576K), 3 survivors (24576K)
 Metaspace       used 176127K, committed 178752K, reserved 1245184K
  class space    used 23888K, committed 25216K, reserved 1048576K
}
Event: 244.046 GC heap before
{Heap before GC invocations=67 (full 0):
 garbage-first heap   total 1089536K, used 1064304K [0x000000050d000000, 0x0000000800000000)
  region size 8192K, 72 young (589824K), 3 survivors (24576K)
 Metaspace       used 177084K, committed 179776K, reserved 1245184K
  class space    used 24018K, committed 25408K, reserved 1048576K
}
Event: 244.070 GC heap after
{Heap after GC invocations=68 (full 0):
 garbage-first heap   total 1163264K, used 334701K [0x000000050d000000, 0x0000000800000000)
  region size 8192K, 9 young (73728K), 9 survivors (73728K)
 Metaspace       used 177084K, committed 179776K, reserved 1245184K
  class space    used 24018K, committed 25408K, reserved 1048576K
}
Event: 260.630 GC heap before
{Heap before GC invocations=68 (full 0):
 garbage-first heap   total 1171456K, used 1145709K [0x000000050d000000, 0x0000000800000000)
  region size 8192K, 70 young (573440K), 9 survivors (73728K)
 Metaspace       used 177633K, committed 180224K, reserved 1245184K
  class space    used 24098K, committed 25472K, reserved 1048576K
}

